<?xml version="1.0" encoding="UTF-8"?>
<coverage generated="1678821585314" clover="3.2.0">
  <project timestamp="1678821585314" name="All files">
    <metrics statements="43" coveredstatements="37" conditionals="21" coveredconditionals="13" methods="21" coveredmethods="13" elements="85" coveredelements="63" complexity="0" loc="43" ncloc="43" packages="7" files="11" classes="11"/>
    <package name="components.line">
      <metrics statements="3" coveredstatements="3" conditionals="0" coveredconditionals="0" methods="1" coveredmethods="1"/>
      <file name="Line.tsx" path="C:\Users\alice\OneDrive\Desktop\prog_native\pagoPaStargazers\app\components\line\Line.tsx">
        <metrics statements="3" coveredstatements="3" conditionals="0" coveredconditionals="0" methods="1" coveredmethods="1"/>
        <line num="4" count="4" type="stmt"/>
        <line num="5" count="8" type="stmt"/>
        <line num="8" count="4" type="stmt"/>
      </file>
    </package>
    <package name="components.pageHeader">
      <metrics statements="3" coveredstatements="3" conditionals="0" coveredconditionals="0" methods="1" coveredmethods="1"/>
      <file name="PageHeader.tsx" path="C:\Users\alice\OneDrive\Desktop\prog_native\pagoPaStargazers\app\components\pageHeader\PageHeader.tsx">
        <metrics statements="3" coveredstatements="3" conditionals="0" coveredconditionals="0" methods="1" coveredmethods="1"/>
        <line num="11" count="2" type="stmt"/>
        <line num="12" count="5" type="stmt"/>
        <line num="22" count="2" type="stmt"/>
      </file>
    </package>
    <package name="screens.errorPage">
      <metrics statements="5" coveredstatements="5" conditionals="0" coveredconditionals="0" methods="2" coveredmethods="2"/>
      <file name="ErrorPage.tsx" path="C:\Users\alice\OneDrive\Desktop\prog_native\pagoPaStargazers\app\screens\errorPage\ErrorPage.tsx">
        <metrics statements="4" coveredstatements="4" conditionals="0" coveredconditionals="0" methods="2" coveredmethods="2"/>
        <line num="11" count="1" type="stmt"/>
        <line num="12" count="3" type="stmt"/>
        <line num="13" count="1" type="stmt"/>
        <line num="16" count="3" type="stmt"/>
      </file>
      <file name="Styles.ts" path="C:\Users\alice\OneDrive\Desktop\prog_native\pagoPaStargazers\app\screens\errorPage\Styles.ts">
        <metrics statements="1" coveredstatements="1" conditionals="0" coveredconditionals="0" methods="0" coveredmethods="0"/>
        <line num="3" count="1" type="stmt"/>
      </file>
    </package>
    <package name="screens.resultPage.components.showStargazers">
      <metrics statements="12" coveredstatements="10" conditionals="16" coveredconditionals="8" methods="8" coveredmethods="4"/>
      <file name="ShowStargazers.tsx" path="C:\Users\alice\OneDrive\Desktop\prog_native\pagoPaStargazers\app\screens\resultPage\components\showStargazers\ShowStargazers.tsx">
        <metrics statements="11" coveredstatements="9" conditionals="16" coveredconditionals="8" methods="8" coveredmethods="4"/>
        <line num="12" count="1" type="stmt"/>
        <line num="14" count="2" type="stmt"/>
        <line num="15" count="2" type="stmt"/>
        <line num="16" count="1" type="cond" truecount="2" falsecount="0"/>
        <line num="19" count="2" type="stmt"/>
        <line num="20" count="1" type="cond" truecount="1" falsecount="1"/>
        <line num="22" count="2" type="stmt"/>
        <line num="23" count="1" type="cond" truecount="1" falsecount="1"/>
        <line num="26" count="2" type="stmt"/>
        <line num="45" count="0" type="stmt"/>
        <line num="58" count="0" type="stmt"/>
      </file>
      <file name="Styles.ts" path="C:\Users\alice\OneDrive\Desktop\prog_native\pagoPaStargazers\app\screens\resultPage\components\showStargazers\Styles.ts">
        <metrics statements="1" coveredstatements="1" conditionals="0" coveredconditionals="0" methods="0" coveredmethods="0"/>
        <line num="3" count="1" type="stmt"/>
      </file>
    </package>
    <package name="screens.resultPage.components.singleItem">
      <metrics statements="4" coveredstatements="4" conditionals="5" coveredconditionals="5" methods="1" coveredmethods="1"/>
      <file name="SingleItem.tsx" path="C:\Users\alice\OneDrive\Desktop\prog_native\pagoPaStargazers\app\screens\resultPage\components\singleItem\SingleItem.tsx">
        <metrics statements="3" coveredstatements="3" conditionals="5" coveredconditionals="5" methods="1" coveredmethods="1"/>
        <line num="11" count="2" type="stmt"/>
        <line num="12" count="4" type="cond" truecount="1" falsecount="0"/>
        <line num="13" count="4" type="stmt"/>
      </file>
      <file name="Styles.ts" path="C:\Users\alice\OneDrive\Desktop\prog_native\pagoPaStargazers\app\screens\resultPage\components\singleItem\Styles.ts">
        <metrics statements="1" coveredstatements="1" conditionals="0" coveredconditionals="0" methods="0" coveredmethods="0"/>
        <line num="3" count="2" type="stmt"/>
      </file>
    </package>
    <package name="screens.searchPage">
      <metrics statements="10" coveredstatements="8" conditionals="0" coveredconditionals="0" methods="5" coveredmethods="3"/>
      <file name="SearchPage.tsx" path="C:\Users\alice\OneDrive\Desktop\prog_native\pagoPaStargazers\app\screens\searchPage\SearchPage.tsx">
        <metrics statements="9" coveredstatements="7" conditionals="0" coveredconditionals="0" methods="5" coveredmethods="3"/>
        <line num="22" count="1" type="stmt"/>
        <line num="23" count="4" type="stmt"/>
        <line num="25" count="4" type="stmt"/>
        <line num="26" count="1" type="stmt"/>
        <line num="29" count="4" type="stmt"/>
        <line num="30" count="1" type="stmt"/>
        <line num="32" count="0" type="stmt"/>
        <line num="34" count="0" type="stmt"/>
        <line num="37" count="4" type="stmt"/>
      </file>
      <file name="Styles.ts" path="C:\Users\alice\OneDrive\Desktop\prog_native\pagoPaStargazers\app\screens\searchPage\Styles.ts">
        <metrics statements="1" coveredstatements="1" conditionals="0" coveredconditionals="0" methods="0" coveredmethods="0"/>
        <line num="3" count="1" type="stmt"/>
      </file>
    </package>
    <package name="services">
      <metrics statements="6" coveredstatements="4" conditionals="0" coveredconditionals="0" methods="3" coveredmethods="1"/>
      <file name="GithubApis.ts" path="C:\Users\alice\OneDrive\Desktop\prog_native\pagoPaStargazers\app\services\GithubApis.ts">
        <metrics statements="6" coveredstatements="4" conditionals="0" coveredconditionals="0" methods="3" coveredmethods="1"/>
        <line num="6" count="1" type="stmt"/>
        <line num="7" count="1" type="stmt"/>
        <line num="12" count="1" type="stmt"/>
        <line num="13" count="0" type="stmt"/>
        <line num="18" count="1" type="stmt"/>
        <line num="19" count="0" type="stmt"/>
      </file>
    </package>
  </project>
</coverage>
