<?xml version="1.0" encoding="UTF-8"?>
<coverage generated="1678621117099" clover="3.2.0">
  <project timestamp="1678621117100" name="All files">
    <metrics statements="11" coveredstatements="10" conditionals="0" coveredconditionals="0" methods="4" coveredmethods="3" elements="15" coveredelements="13" complexity="0" loc="11" ncloc="11" packages="3" files="3" classes="3"/>
    <package name="components.line">
      <metrics statements="3" coveredstatements="3" conditionals="0" coveredconditionals="0" methods="1" coveredmethods="1"/>
      <file name="Line.tsx" path="C:\Users\alice\OneDrive\Desktop\prog_native\pagoPaStargazers\src\components\line\Line.tsx">
        <metrics statements="3" coveredstatements="3" conditionals="0" coveredconditionals="0" methods="1" coveredmethods="1"/>
        <line num="4" count="2" type="stmt"/>
        <line num="5" count="2" type="stmt"/>
        <line num="8" count="2" type="stmt"/>
      </file>
    </package>
    <package name="components.pageHeader">
      <metrics statements="3" coveredstatements="3" conditionals="0" coveredconditionals="0" methods="1" coveredmethods="1"/>
      <file name="PageHeader.tsx" path="C:\Users\alice\OneDrive\Desktop\prog_native\pagoPaStargazers\src\components\pageHeader\PageHeader.tsx">
        <metrics statements="3" coveredstatements="3" conditionals="0" coveredconditionals="0" methods="1" coveredmethods="1"/>
        <line num="11" count="1" type="stmt"/>
        <line num="12" count="1" type="stmt"/>
        <line num="22" count="1" type="stmt"/>
      </file>
    </package>
    <package name="pages.errorPage">
      <metrics statements="5" coveredstatements="4" conditionals="0" coveredconditionals="0" methods="2" coveredmethods="1"/>
      <file name="ErrorPage.tsx" path="C:\Users\alice\OneDrive\Desktop\prog_native\pagoPaStargazers\src\pages\errorPage\ErrorPage.tsx">
        <metrics statements="5" coveredstatements="4" conditionals="0" coveredconditionals="0" methods="2" coveredmethods="1"/>
        <line num="8" count="1" type="stmt"/>
        <line num="9" count="1" type="stmt"/>
        <line num="10" count="0" type="stmt"/>
        <line num="13" count="1" type="stmt"/>
        <line num="32" count="1" type="stmt"/>
      </file>
    </package>
  </project>
</coverage>
