{"C:\\Users\\alice\\OneDrive\\Desktop\\prog_native\\pagoPaStargazers\\app\\components\\line\\Line.tsx": {"path":"C:\\Users\\alice\\OneDrive\\Desktop\\prog_native\\pagoPaStargazers\\app\\components\\line\\Line.tsx","statementMap":{"0":{"start":{"line":4,"column":13},"end":{"line":6,"column":1}},"1":{"start":{"line":5,"column":2},"end":{"line":5,"column":56}},"2":{"start":{"line":8,"column":14},"end":{"line":15,"column":2}}},"fnMap":{"0":{"name":"(anonymous_0)","decl":{"start":{"line":4,"column":13},"end":{"line":4,"column":14}},"loc":{"start":{"line":4,"column":19},"end":{"line":6,"column":1}},"line":4}},"branchMap":{},"s":{"0":4,"1":12,"2":4},"f":{"0":12},"b":{},"_coverageSchema":"1a1c01bbd47fc00a2c39e90264f33305004495a9","hash":"4f4aedb7e34d0e1700508c4bb2c1dd91ddcb5ae0"}
,"C:\\Users\\alice\\OneDrive\\Desktop\\prog_native\\pagoPaStargazers\\app\\components\\pageHeader\\PageHeader.tsx": {"path":"C:\\Users\\alice\\OneDrive\\Desktop\\prog_native\\pagoPaStargazers\\app\\components\\pageHeader\\PageHeader.tsx","statementMap":{"0":{"start":{"line":11,"column":36},"end":{"line":20,"column":1}},"1":{"start":{"line":12,"column":2},"end":{"line":19,"column":4}},"2":{"start":{"line":22,"column":14},"end":{"line":52,"column":2}}},"fnMap":{"0":{"name":"(anonymous_0)","decl":{"start":{"line":11,"column":36},"end":{"line":11,"column":37}},"loc":{"start":{"line":11,"column":64},"end":{"line":20,"column":1}},"line":11}},"branchMap":{},"s":{"0":2,"1":7,"2":2},"f":{"0":7},"b":{},"_coverageSchema":"1a1c01bbd47fc00a2c39e90264f33305004495a9","hash":"b0e4afa2c1adc05c7943a9ba35a498c58711d10f"}
,"C:\\Users\\alice\\OneDrive\\Desktop\\prog_native\\pagoPaStargazers\\app\\screens\\errorPage\\ErrorPage.tsx": {"path":"C:\\Users\\alice\\OneDrive\\Desktop\\prog_native\\pagoPaStargazers\\app\\screens\\errorPage\\ErrorPage.tsx","statementMap":{"0":{"start":{"line":11,"column":35},"end":{"line":33,"column":1}},"1":{"start":{"line":12,"column":28},"end":{"line":14,"column":3}},"2":{"start":{"line":13,"column":4},"end":{"line":13,"column":38}},"3":{"start":{"line":16,"column":2},"end":{"line":32,"column":4}}},"fnMap":{"0":{"name":"(anonymous_0)","decl":{"start":{"line":11,"column":35},"end":{"line":11,"column":36}},"loc":{"start":{"line":11,"column":53},"end":{"line":33,"column":1}},"line":11},"1":{"name":"(anonymous_1)","decl":{"start":{"line":12,"column":28},"end":{"line":12,"column":29}},"loc":{"start":{"line":12,"column":34},"end":{"line":14,"column":3}},"line":12}},"branchMap":{},"s":{"0":1,"1":3,"2":1,"3":3},"f":{"0":3,"1":1},"b":{},"_coverageSchema":"1a1c01bbd47fc00a2c39e90264f33305004495a9","hash":"4e5cf141b9b7499e83f0da4b57396c6b11ab6b8c"}
,"C:\\Users\\alice\\OneDrive\\Desktop\\prog_native\\pagoPaStargazers\\app\\screens\\errorPage\\Styles.ts": {"path":"C:\\Users\\alice\\OneDrive\\Desktop\\prog_native\\pagoPaStargazers\\app\\screens\\errorPage\\Styles.ts","statementMap":{"0":{"start":{"line":3,"column":21},"end":{"line":41,"column":2}}},"fnMap":{},"branchMap":{},"s":{"0":1},"f":{},"b":{},"_coverageSchema":"1a1c01bbd47fc00a2c39e90264f33305004495a9","hash":"7c20dd765c6a0a740b79d405be565ebc99f52d29"}
,"C:\\Users\\alice\\OneDrive\\Desktop\\prog_native\\pagoPaStargazers\\app\\screens\\resultPage\\components\\showStargazers\\ShowStargazers.tsx": {"path":"C:\\Users\\alice\\OneDrive\\Desktop\\prog_native\\pagoPaStargazers\\app\\screens\\resultPage\\components\\showStargazers\\ShowStargazers.tsx","statementMap":{"0":{"start":{"line":12,"column":40},"end":{"line":79,"column":1}},"1":{"start":{"line":14,"column":4},"end":{"line":14,"column":28}},"2":{"start":{"line":16,"column":19},"end":{"line":18,"column":3}},"3":{"start":{"line":17,"column":4},"end":{"line":17,"column":65}},"4":{"start":{"line":20,"column":22},"end":{"line":22,"column":18}},"5":{"start":{"line":21,"column":4},"end":{"line":21,"column":68}},"6":{"start":{"line":21,"column":45},"end":{"line":21,"column":60}},"7":{"start":{"line":23,"column":23},"end":{"line":25,"column":18}},"8":{"start":{"line":24,"column":4},"end":{"line":24,"column":68}},"9":{"start":{"line":24,"column":45},"end":{"line":24,"column":60}},"10":{"start":{"line":27,"column":2},"end":{"line":78,"column":4}},"11":{"start":{"line":46,"column":18},"end":{"line":52,"column":20}},"12":{"start":{"line":59,"column":22},"end":{"line":65,"column":24}}},"fnMap":{"0":{"name":"(anonymous_0)","decl":{"start":{"line":12,"column":40},"end":{"line":12,"column":41}},"loc":{"start":{"line":12,"column":58},"end":{"line":79,"column":1}},"line":12},"1":{"name":"(anonymous_1)","decl":{"start":{"line":16,"column":19},"end":{"line":16,"column":20}},"loc":{"start":{"line":16,"column":25},"end":{"line":18,"column":3}},"line":16},"2":{"name":"(anonymous_2)","decl":{"start":{"line":20,"column":30},"end":{"line":20,"column":31}},"loc":{"start":{"line":20,"column":36},"end":{"line":22,"column":3}},"line":20},"3":{"name":"(anonymous_3)","decl":{"start":{"line":21,"column":30},"end":{"line":21,"column":31}},"loc":{"start":{"line":21,"column":45},"end":{"line":21,"column":60}},"line":21},"4":{"name":"(anonymous_4)","decl":{"start":{"line":23,"column":31},"end":{"line":23,"column":32}},"loc":{"start":{"line":23,"column":37},"end":{"line":25,"column":3}},"line":23},"5":{"name":"(anonymous_5)","decl":{"start":{"line":24,"column":30},"end":{"line":24,"column":31}},"loc":{"start":{"line":24,"column":45},"end":{"line":24,"column":60}},"line":24},"6":{"name":"(anonymous_6)","decl":{"start":{"line":45,"column":34},"end":{"line":45,"column":35}},"loc":{"start":{"line":45,"column":49},"end":{"line":53,"column":17}},"line":45},"7":{"name":"(anonymous_7)","decl":{"start":{"line":58,"column":39},"end":{"line":58,"column":40}},"loc":{"start":{"line":58,"column":54},"end":{"line":66,"column":21}},"line":58}},"branchMap":{"0":{"loc":{"start":{"line":17,"column":4},"end":{"line":17,"column":64}},"type":"binary-expr","locations":[{"start":{"line":17,"column":4},"end":{"line":17,"column":14}},{"start":{"line":17,"column":18},"end":{"line":17,"column":64}}],"line":17},"1":{"loc":{"start":{"line":21,"column":11},"end":{"line":21,"column":67}},"type":"binary-expr","locations":[{"start":{"line":21,"column":11},"end":{"line":21,"column":61}},{"start":{"line":21,"column":65},"end":{"line":21,"column":67}}],"line":21},"2":{"loc":{"start":{"line":24,"column":11},"end":{"line":24,"column":67}},"type":"binary-expr","locations":[{"start":{"line":24,"column":11},"end":{"line":24,"column":61}},{"start":{"line":24,"column":65},"end":{"line":24,"column":67}}],"line":24},"3":{"loc":{"start":{"line":35,"column":49},"end":{"line":35,"column":72}},"type":"binary-expr","locations":[{"start":{"line":35,"column":49},"end":{"line":35,"column":67}},{"start":{"line":35,"column":71},"end":{"line":35,"column":72}}],"line":35},"4":{"loc":{"start":{"line":38,"column":7},"end":{"line":76,"column":7}},"type":"binary-expr","locations":[{"start":{"line":38,"column":7},"end":{"line":38,"column":25}},{"start":{"line":39,"column":8},"end":{"line":75,"column":15}}],"line":38},"5":{"loc":{"start":{"line":42,"column":11},"end":{"line":74,"column":11}},"type":"binary-expr","locations":[{"start":{"line":42,"column":11},"end":{"line":42,"column":33}},{"start":{"line":43,"column":12},"end":{"line":73,"column":19}}],"line":42},"6":{"loc":{"start":{"line":56,"column":17},"end":{"line":71,"column":17}},"type":"binary-expr","locations":[{"start":{"line":56,"column":17},"end":{"line":56,"column":28}},{"start":{"line":57,"column":18},"end":{"line":70,"column":21}}],"line":56},"7":{"loc":{"start":{"line":67,"column":21},"end":{"line":69,"column":21}},"type":"binary-expr","locations":[{"start":{"line":67,"column":21},"end":{"line":67,"column":61}},{"start":{"line":68,"column":22},"end":{"line":68,"column":57}}],"line":67}},"s":{"0":1,"1":4,"2":4,"3":2,"4":4,"5":2,"6":1,"7":4,"8":2,"9":1,"10":4,"11":1,"12":0},"f":{"0":4,"1":2,"2":2,"3":1,"4":2,"5":1,"6":1,"7":0},"b":{"0":[2,2],"1":[2,0],"2":[2,0],"3":[4,0],"4":[4,2],"5":[2,1],"6":[1,1],"7":[1,1]},"_coverageSchema":"1a1c01bbd47fc00a2c39e90264f33305004495a9","hash":"67110ac435151ba9d168fc51f9a4c9a3f5c0aa9b"}
,"C:\\Users\\alice\\OneDrive\\Desktop\\prog_native\\pagoPaStargazers\\app\\screens\\resultPage\\components\\showStargazers\\Styles.ts": {"path":"C:\\Users\\alice\\OneDrive\\Desktop\\prog_native\\pagoPaStargazers\\app\\screens\\resultPage\\components\\showStargazers\\Styles.ts","statementMap":{"0":{"start":{"line":3,"column":21},"end":{"line":80,"column":2}}},"fnMap":{},"branchMap":{},"s":{"0":1},"f":{},"b":{},"_coverageSchema":"1a1c01bbd47fc00a2c39e90264f33305004495a9","hash":"c12f00bad685514c14fdd147f4597b13517971d5"}
,"C:\\Users\\alice\\OneDrive\\Desktop\\prog_native\\pagoPaStargazers\\app\\screens\\resultPage\\components\\singleItem\\SingleItem.tsx": {"path":"C:\\Users\\alice\\OneDrive\\Desktop\\prog_native\\pagoPaStargazers\\app\\screens\\resultPage\\components\\singleItem\\SingleItem.tsx","statementMap":{"0":{"start":{"line":11,"column":36},"end":{"line":35,"column":1}},"1":{"start":{"line":12,"column":51},"end":{"line":12,"column":56}},"2":{"start":{"line":13,"column":2},"end":{"line":34,"column":4}}},"fnMap":{"0":{"name":"(anonymous_0)","decl":{"start":{"line":11,"column":36},"end":{"line":11,"column":37}},"loc":{"start":{"line":11,"column":45},"end":{"line":35,"column":1}},"line":11}},"branchMap":{"0":{"loc":{"start":{"line":12,"column":9},"end":{"line":12,"column":30}},"type":"default-arg","locations":[{"start":{"line":12,"column":25},"end":{"line":12,"column":30}}],"line":12},"1":{"loc":{"start":{"line":14,"column":17},"end":{"line":14,"column":67}},"type":"cond-expr","locations":[{"start":{"line":14,"column":33},"end":{"line":14,"column":51}},{"start":{"line":14,"column":54},"end":{"line":14,"column":67}}],"line":14},"2":{"loc":{"start":{"line":15,"column":7},"end":{"line":25,"column":7}},"type":"cond-expr","locations":[{"start":{"line":16,"column":8},"end":{"line":18,"column":15}},{"start":{"line":20,"column":8},"end":{"line":24,"column":10}}],"line":15}},"s":{"0":2,"1":8,"2":8},"f":{"0":8},"b":{"0":[3],"1":[5,3],"2":[5,3]},"_coverageSchema":"1a1c01bbd47fc00a2c39e90264f33305004495a9","hash":"f378fde6d7267b980bf6a3808cd9b1b0f5d5b896"}
,"C:\\Users\\alice\\OneDrive\\Desktop\\prog_native\\pagoPaStargazers\\app\\screens\\resultPage\\components\\singleItem\\Styles.ts": {"path":"C:\\Users\\alice\\OneDrive\\Desktop\\prog_native\\pagoPaStargazers\\app\\screens\\resultPage\\components\\singleItem\\Styles.ts","statementMap":{"0":{"start":{"line":3,"column":21},"end":{"line":41,"column":2}}},"fnMap":{},"branchMap":{},"s":{"0":2},"f":{},"b":{},"_coverageSchema":"1a1c01bbd47fc00a2c39e90264f33305004495a9","hash":"e12cc47dbd71969dd9b1762e5a0ab6ad38cdb79b"}
,"C:\\Users\\alice\\OneDrive\\Desktop\\prog_native\\pagoPaStargazers\\app\\screens\\searchPage\\SearchPage.tsx": {"path":"C:\\Users\\alice\\OneDrive\\Desktop\\prog_native\\pagoPaStargazers\\app\\screens\\searchPage\\SearchPage.tsx","statementMap":{"0":{"start":{"line":22,"column":36},"end":{"line":63,"column":1}},"1":{"start":{"line":23,"column":36},"end":{"line":23,"column":56}},"2":{"start":{"line":25,"column":23},"end":{"line":27,"column":3}},"3":{"start":{"line":26,"column":4},"end":{"line":26,"column":23}},"4":{"start":{"line":29,"column":20},"end":{"line":35,"column":3}},"5":{"start":{"line":30,"column":4},"end":{"line":34,"column":53}},"6":{"start":{"line":32,"column":8},"end":{"line":32,"column":65}},"7":{"start":{"line":34,"column":19},"end":{"line":34,"column":51}},"8":{"start":{"line":37,"column":2},"end":{"line":62,"column":4}}},"fnMap":{"0":{"name":"(anonymous_0)","decl":{"start":{"line":22,"column":36},"end":{"line":22,"column":37}},"loc":{"start":{"line":22,"column":54},"end":{"line":63,"column":1}},"line":22},"1":{"name":"(anonymous_1)","decl":{"start":{"line":25,"column":23},"end":{"line":25,"column":24}},"loc":{"start":{"line":25,"column":41},"end":{"line":27,"column":3}},"line":25},"2":{"name":"(anonymous_2)","decl":{"start":{"line":29,"column":20},"end":{"line":29,"column":21}},"loc":{"start":{"line":29,"column":26},"end":{"line":35,"column":3}},"line":29},"3":{"name":"(anonymous_3)","decl":{"start":{"line":31,"column":12},"end":{"line":31,"column":13}},"loc":{"start":{"line":31,"column":64},"end":{"line":33,"column":7}},"line":31},"4":{"name":"(anonymous_4)","decl":{"start":{"line":34,"column":13},"end":{"line":34,"column":14}},"loc":{"start":{"line":34,"column":19},"end":{"line":34,"column":51}},"line":34}},"branchMap":{},"s":{"0":1,"1":6,"2":6,"3":2,"4":6,"5":2,"6":1,"7":1,"8":6},"f":{"0":6,"1":2,"2":2,"3":1,"4":1},"b":{},"_coverageSchema":"1a1c01bbd47fc00a2c39e90264f33305004495a9","hash":"a5a04eb9f62c8f95ef131617d7b78e7d23577cea"}
,"C:\\Users\\alice\\OneDrive\\Desktop\\prog_native\\pagoPaStargazers\\app\\screens\\searchPage\\Styles.ts": {"path":"C:\\Users\\alice\\OneDrive\\Desktop\\prog_native\\pagoPaStargazers\\app\\screens\\searchPage\\Styles.ts","statementMap":{"0":{"start":{"line":3,"column":21},"end":{"line":41,"column":2}}},"fnMap":{},"branchMap":{},"s":{"0":1},"f":{},"b":{},"_coverageSchema":"1a1c01bbd47fc00a2c39e90264f33305004495a9","hash":"2fcf7738001109430f6eea46960ca986dd79d4ee"}
,"C:\\Users\\alice\\OneDrive\\Desktop\\prog_native\\pagoPaStargazers\\app\\services\\GithubApis.ts": {"path":"C:\\Users\\alice\\OneDrive\\Desktop\\prog_native\\pagoPaStargazers\\app\\services\\GithubApis.ts","statementMap":{"0":{"start":{"line":6,"column":27},"end":{"line":10,"column":1}},"1":{"start":{"line":7,"column":2},"end":{"line":9,"column":4}},"2":{"start":{"line":12,"column":31},"end":{"line":16,"column":1}},"3":{"start":{"line":13,"column":2},"end":{"line":15,"column":4}},"4":{"start":{"line":18,"column":29},"end":{"line":22,"column":1}},"5":{"start":{"line":19,"column":2},"end":{"line":21,"column":4}}},"fnMap":{"0":{"name":"(anonymous_0)","decl":{"start":{"line":6,"column":27},"end":{"line":6,"column":28}},"loc":{"start":{"line":6,"column":49},"end":{"line":10,"column":1}},"line":6},"1":{"name":"(anonymous_1)","decl":{"start":{"line":12,"column":31},"end":{"line":12,"column":32}},"loc":{"start":{"line":12,"column":53},"end":{"line":16,"column":1}},"line":12},"2":{"name":"(anonymous_2)","decl":{"start":{"line":18,"column":29},"end":{"line":18,"column":30}},"loc":{"start":{"line":18,"column":69},"end":{"line":22,"column":1}},"line":18}},"branchMap":{},"s":{"0":1,"1":0,"2":1,"3":0,"4":1,"5":0},"f":{"0":0,"1":0,"2":0},"b":{},"_coverageSchema":"1a1c01bbd47fc00a2c39e90264f33305004495a9","hash":"ca433a8e55de5d893f8a75010a56b84843ec3742"}
,"C:\\Users\\alice\\OneDrive\\Desktop\\prog_native\\pagoPaStargazers\\app\\utils\\mock\\ApisResponsesMock.ts": {"path":"C:\\Users\\alice\\OneDrive\\Desktop\\prog_native\\pagoPaStargazers\\app\\utils\\mock\\ApisResponsesMock.ts","statementMap":{"0":{"start":{"line":4,"column":64},"end":{"line":37,"column":1}},"1":{"start":{"line":39,"column":65},"end":{"line":61,"column":1}}},"fnMap":{},"branchMap":{},"s":{"0":2,"1":2},"f":{},"b":{},"_coverageSchema":"1a1c01bbd47fc00a2c39e90264f33305004495a9","hash":"046f4e1314129dd077bbd2bd2eec6aa076e0e678"}
}
