{"C:\\Users\\alice\\OneDrive\\Desktop\\prog_native\\pagoPaStargazers\\src\\components\\line\\Line.tsx": {"path":"C:\\Users\\alice\\OneDrive\\Desktop\\prog_native\\pagoPaStargazers\\src\\components\\line\\Line.tsx","statementMap":{"0":{"start":{"line":4,"column":13},"end":{"line":6,"column":1}},"1":{"start":{"line":5,"column":2},"end":{"line":5,"column":56}},"2":{"start":{"line":8,"column":14},"end":{"line":15,"column":2}}},"fnMap":{"0":{"name":"(anonymous_0)","decl":{"start":{"line":4,"column":13},"end":{"line":4,"column":14}},"loc":{"start":{"line":4,"column":19},"end":{"line":6,"column":1}},"line":4}},"branchMap":{},"s":{"0":2,"1":2,"2":2},"f":{"0":2},"b":{},"_coverageSchema":"1a1c01bbd47fc00a2c39e90264f33305004495a9","hash":"bb619282bfa813803a0937f7b7eeb00d9675184a"}
,"C:\\Users\\alice\\OneDrive\\Desktop\\prog_native\\pagoPaStargazers\\src\\components\\pageHeader\\PageHeader.tsx": {"path":"C:\\Users\\alice\\OneDrive\\Desktop\\prog_native\\pagoPaStargazers\\src\\components\\pageHeader\\PageHeader.tsx","statementMap":{"0":{"start":{"line":11,"column":19},"end":{"line":20,"column":1}},"1":{"start":{"line":12,"column":2},"end":{"line":19,"column":4}},"2":{"start":{"line":22,"column":14},"end":{"line":52,"column":2}}},"fnMap":{"0":{"name":"(anonymous_0)","decl":{"start":{"line":11,"column":19},"end":{"line":11,"column":20}},"loc":{"start":{"line":11,"column":54},"end":{"line":20,"column":1}},"line":11}},"branchMap":{},"s":{"0":1,"1":1,"2":1},"f":{"0":1},"b":{},"_coverageSchema":"1a1c01bbd47fc00a2c39e90264f33305004495a9","hash":"5698018df842c85bdab115fef7ade34a3ce1b644"}
,"C:\\Users\\alice\\OneDrive\\Desktop\\prog_native\\pagoPaStargazers\\src\\pages\\errorPage\\ErrorPage.tsx": {"path":"C:\\Users\\alice\\OneDrive\\Desktop\\prog_native\\pagoPaStargazers\\src\\pages\\errorPage\\ErrorPage.tsx","statementMap":{"0":{"start":{"line":8,"column":18},"end":{"line":30,"column":1}},"1":{"start":{"line":9,"column":28},"end":{"line":11,"column":3}},"2":{"start":{"line":10,"column":4},"end":{"line":10,"column":38}},"3":{"start":{"line":13,"column":2},"end":{"line":29,"column":4}},"4":{"start":{"line":32,"column":14},"end":{"line":70,"column":2}}},"fnMap":{"0":{"name":"(anonymous_0)","decl":{"start":{"line":8,"column":18},"end":{"line":8,"column":19}},"loc":{"start":{"line":8,"column":43},"end":{"line":30,"column":1}},"line":8},"1":{"name":"(anonymous_1)","decl":{"start":{"line":9,"column":28},"end":{"line":9,"column":29}},"loc":{"start":{"line":9,"column":34},"end":{"line":11,"column":3}},"line":9}},"branchMap":{},"s":{"0":1,"1":1,"2":0,"3":1,"4":1},"f":{"0":1,"1":0},"b":{},"_coverageSchema":"1a1c01bbd47fc00a2c39e90264f33305004495a9","hash":"0127785b5dbc12bd9b609a61348e47e0dc0c27d2"}
}
