TN:
SF:app\components\line\Line.tsx
FN:4,(anonymous_0)
FNF:1
FNH:1
FNDA:8,(anonymous_0)
DA:4,4
DA:5,8
DA:8,4
LF:3
LH:3
BRF:0
BRH:0
end_of_record
TN:
SF:app\components\pageHeader\PageHeader.tsx
FN:11,(anonymous_0)
FNF:1
FNH:1
FNDA:5,(anonymous_0)
DA:11,2
DA:12,5
DA:22,2
LF:3
LH:3
BRF:0
BRH:0
end_of_record
TN:
SF:app\screens\errorPage\ErrorPage.tsx
FN:11,(anonymous_0)
FN:12,(anonymous_1)
FNF:2
FNH:2
FNDA:3,(anonymous_0)
FNDA:1,(anonymous_1)
DA:11,1
DA:12,3
DA:13,1
DA:16,3
LF:4
LH:4
BRF:0
BRH:0
end_of_record
TN:
SF:app\screens\errorPage\Styles.ts
FNF:0
FNH:0
DA:3,1
LF:1
LH:1
BRF:0
BRH:0
end_of_record
TN:
SF:app\screens\resultPage\components\showStargazers\ShowStargazers.tsx
FN:12,(anonymous_0)
FN:15,(anonymous_1)
FN:19,(anonymous_2)
FN:20,(anonymous_3)
FN:22,(anonymous_4)
FN:23,(anonymous_5)
FN:44,(anonymous_6)
FN:57,(anonymous_7)
FNF:8
FNH:4
FNDA:2,(anonymous_0)
FNDA:1,(anonymous_1)
FNDA:1,(anonymous_2)
FNDA:0,(anonymous_3)
FNDA:1,(anonymous_4)
FNDA:0,(anonymous_5)
FNDA:0,(anonymous_6)
FNDA:0,(anonymous_7)
DA:12,1
DA:14,2
DA:15,2
DA:16,1
DA:19,2
DA:20,1
DA:22,2
DA:23,1
DA:26,2
DA:45,0
DA:58,0
LF:11
LH:9
BRDA:16,0,0,1
BRDA:16,0,1,1
BRDA:20,1,0,1
BRDA:20,1,1,0
BRDA:23,2,0,1
BRDA:23,2,1,0
BRDA:34,3,0,2
BRDA:34,3,1,0
BRDA:37,4,0,2
BRDA:37,4,1,1
BRDA:41,5,0,1
BRDA:41,5,1,0
BRDA:55,6,0,0
BRDA:55,6,1,0
BRDA:66,7,0,0
BRDA:66,7,1,0
BRF:16
BRH:8
end_of_record
TN:
SF:app\screens\resultPage\components\showStargazers\Styles.ts
FNF:0
FNH:0
DA:3,1
LF:1
LH:1
BRF:0
BRH:0
end_of_record
TN:
SF:app\screens\resultPage\components\singleItem\SingleItem.tsx
FN:11,(anonymous_0)
FNF:1
FNH:1
FNDA:4,(anonymous_0)
DA:11,2
DA:12,4
DA:13,4
LF:3
LH:3
BRDA:12,0,0,1
BRDA:14,1,0,3
BRDA:14,1,1,1
BRDA:15,2,0,3
BRDA:15,2,1,1
BRF:5
BRH:5
end_of_record
TN:
SF:app\screens\resultPage\components\singleItem\Styles.ts
FNF:0
FNH:0
DA:3,2
LF:1
LH:1
BRF:0
BRH:0
end_of_record
TN:
SF:app\screens\searchPage\SearchPage.tsx
FN:22,(anonymous_0)
FN:25,(anonymous_1)
FN:29,(anonymous_2)
FN:31,(anonymous_3)
FN:34,(anonymous_4)
FNF:5
FNH:3
FNDA:4,(anonymous_0)
FNDA:1,(anonymous_1)
FNDA:1,(anonymous_2)
FNDA:0,(anonymous_3)
FNDA:0,(anonymous_4)
DA:22,1
DA:23,4
DA:25,4
DA:26,1
DA:29,4
DA:30,1
DA:32,0
DA:34,0
DA:37,4
LF:9
LH:7
BRF:0
BRH:0
end_of_record
TN:
SF:app\screens\searchPage\Styles.ts
FNF:0
FNH:0
DA:3,1
LF:1
LH:1
BRF:0
BRH:0
end_of_record
TN:
SF:app\services\GithubApis.ts
FN:6,(anonymous_0)
FN:12,(anonymous_1)
FN:18,(anonymous_2)
FNF:3
FNH:1
FNDA:1,(anonymous_0)
FNDA:0,(anonymous_1)
FNDA:0,(anonymous_2)
DA:6,1
DA:7,1
DA:12,1
DA:13,0
DA:18,1
DA:19,0
LF:6
LH:4
BRF:0
BRH:0
end_of_record
